<?xml version="1.0" encoding="UTF-8"?>
<!-- Generated by org.testng.reporters.JUnitXMLReporter -->
<testsuite ignored="0" hostname="HossainXPS8960" failures="0" tests="6" name="Default test" time="0.034" errors="0" timestamp="2024-11-20T23:12:52 EST">
  <testcase classname="pavanSDET_QA.Java01SwappingTwoNumbers" name="usingTemp" time="0.004"/>
  <testcase classname="pavanSDET_QA.Java01SwappingTwoNumbers" name="usingSingleStatement" time="0.001"/>
  <testcase classname="pavanSDET_QA.Java01SwappingTwoNumbers" name="usingAdditionAndSubtraction" time="0.001"/>
  <testcase classname="pavanSDET_QA.Java01SwappingTwoNumbers" name="usingMultiplicationAndDivision" time="0.0"/>
  <testcase classname="pavanSDET_QA.Java01SwappingTwoNumbers" name="usingBitwiseXOR" time="0.001"/>
  <testcase classname="pavanSDET_QA.Java01SwappingTwoNumbers" name="test8" time="0.001"/>
</testsuite> <!-- Default test -->
