<?xml version="1.0" encoding="UTF-8"?>
<testng-results ignored="0" total="6" passed="6" failed="0" skipped="0">
  <reporter-output>
  </reporter-output>
  <suite started-at="2024-11-20T23:12:52 EST" name="Default suite" finished-at="2024-11-20T23:12:52 EST" duration-ms="34">
    <groups>
    </groups>
    <test started-at="2024-11-20T23:12:52 EST" name="Default test" finished-at="2024-11-20T23:12:52 EST" duration-ms="34">
      <class name="pavanSDET_QA.Java01SwappingTwoNumbers">
        <test-method signature="usingTemp()[pri:1, instance:pavanSDET_QA.Java01SwappingTwoNumbers@206a70ef]" started-at="2024-11-20T23:12:52 EST" name="usingTemp" finished-at="2024-11-20T23:12:52 EST" duration-ms="4" status="PASS">
          <reporter-output>
          </reporter-output>
        </test-method> <!-- usingTemp -->
        <test-method signature="usingSingleStatement()[pri:2, instance:pavanSDET_QA.Java01SwappingTwoNumbers@206a70ef]" started-at="2024-11-20T23:12:52 EST" name="usingSingleStatement" finished-at="2024-11-20T23:12:52 EST" duration-ms="1" status="PASS">
          <reporter-output>
          </reporter-output>
        </test-method> <!-- usingSingleStatement -->
        <test-method signature="usingAdditionAndSubtraction()[pri:3, instance:pavanSDET_QA.Java01SwappingTwoNumbers@206a70ef]" started-at="2024-11-20T23:12:52 EST" name="usingAdditionAndSubtraction" finished-at="2024-11-20T23:12:52 EST" duration-ms="1" status="PASS">
          <reporter-output>
          </reporter-output>
        </test-method> <!-- usingAdditionAndSubtraction -->
        <test-method signature="usingMultiplicationAndDivision()[pri:4, instance:pavanSDET_QA.Java01SwappingTwoNumbers@206a70ef]" started-at="2024-11-20T23:12:52 EST" name="usingMultiplicationAndDivision" finished-at="2024-11-20T23:12:52 EST" duration-ms="0" status="PASS">
          <reporter-output>
          </reporter-output>
        </test-method> <!-- usingMultiplicationAndDivision -->
        <test-method signature="usingBitwiseXOR()[pri:5, instance:pavanSDET_QA.Java01SwappingTwoNumbers@206a70ef]" started-at="2024-11-20T23:12:52 EST" name="usingBitwiseXOR" finished-at="2024-11-20T23:12:52 EST" duration-ms="1" status="PASS">
          <reporter-output>
          </reporter-output>
        </test-method> <!-- usingBitwiseXOR -->
        <test-method signature="test8()[pri:6, instance:pavanSDET_QA.Java01SwappingTwoNumbers@206a70ef]" started-at="2024-11-20T23:12:52 EST" name="test8" finished-at="2024-11-20T23:12:52 EST" duration-ms="1" status="PASS">
          <reporter-output>
          </reporter-output>
        </test-method> <!-- test8 -->
      </class> <!-- pavanSDET_QA.Java01SwappingTwoNumbers -->
    </test> <!-- Default test -->
  </suite> <!-- Default suite -->
</testng-results>
